mode: set
github.com/WolvenSpirit/node-graph-flow/circular.go:17.72,18.23 1 1
github.com/WolvenSpirit/node-graph-flow/circular.go:18.23,19.24 1 1
github.com/WolvenSpirit/node-graph-flow/circular.go:22.3,22.24 1 1
github.com/WolvenSpirit/node-graph-flow/circular.go:25.3,26.52 2 1
github.com/WolvenSpirit/node-graph-flow/circular.go:19.24,21.4 1 1
github.com/WolvenSpirit/node-graph-flow/circular.go:22.24,24.4 1 1
github.com/WolvenSpirit/node-graph-flow/main.go:16.38,18.2 1 1
github.com/WolvenSpirit/node-graph-flow/main.go:26.30,28.2 1 1
github.com/WolvenSpirit/node-graph-flow/main.go:30.50,31.36 1 1
github.com/WolvenSpirit/node-graph-flow/main.go:34.2,34.19 1 1
github.com/WolvenSpirit/node-graph-flow/main.go:31.36,33.3 1 1
github.com/WolvenSpirit/node-graph-flow/main.go:59.44,61.2 1 1
github.com/WolvenSpirit/node-graph-flow/main.go:63.41,65.2 1 1
github.com/WolvenSpirit/node-graph-flow/main.go:68.70,70.26 2 1
github.com/WolvenSpirit/node-graph-flow/main.go:70.26,73.3 2 1
github.com/WolvenSpirit/node-graph-flow/main.go:80.112,81.43 1 1
github.com/WolvenSpirit/node-graph-flow/main.go:89.2,89.38 1 1
github.com/WolvenSpirit/node-graph-flow/main.go:95.2,95.16 1 1
github.com/WolvenSpirit/node-graph-flow/main.go:99.2,103.25 5 1
github.com/WolvenSpirit/node-graph-flow/main.go:106.2,111.25 6 1
github.com/WolvenSpirit/node-graph-flow/main.go:114.2,114.35 1 1
github.com/WolvenSpirit/node-graph-flow/main.go:117.2,117.40 1 1
github.com/WolvenSpirit/node-graph-flow/main.go:120.2,120.16 1 1
github.com/WolvenSpirit/node-graph-flow/main.go:81.43,82.10 1 1
github.com/WolvenSpirit/node-graph-flow/main.go:83.42,84.10 1 1
github.com/WolvenSpirit/node-graph-flow/main.go:85.11,85.11 0 1
github.com/WolvenSpirit/node-graph-flow/main.go:89.38,90.20 1 1
github.com/WolvenSpirit/node-graph-flow/main.go:93.3,93.9 1 1
github.com/WolvenSpirit/node-graph-flow/main.go:90.20,92.4 1 1
github.com/WolvenSpirit/node-graph-flow/main.go:95.16,98.3 2 1
github.com/WolvenSpirit/node-graph-flow/main.go:103.25,105.3 1 1
github.com/WolvenSpirit/node-graph-flow/main.go:111.25,113.3 1 1
github.com/WolvenSpirit/node-graph-flow/main.go:114.35,116.3 1 1
github.com/WolvenSpirit/node-graph-flow/main.go:117.40,119.3 1 1
github.com/WolvenSpirit/node-graph-flow/main.go:120.16,123.3 2 1
github.com/WolvenSpirit/node-graph-flow/main.go:127.61,130.2 2 1
